<?xml version="1.0" encoding="UTF-8" ?>
<testsuite tests="31" failures="0" name="se.iths.testSuites.TempRunner" time="0" errors="0" skipped="0">
  <properties>
    <property name="java.runtime.name" value="Java(TM) SE Runtime Environment"/>
    <property name="sun.boot.library.path" value="C:\Program Files\Java\jdk1.8.0_144\jre\bin"/>
    <property name="java.vm.version" value="25.144-b01"/>
    <property name="java.vm.vendor" value="Oracle Corporation"/>
    <property name="maven.multiModuleProjectDirectory" value="C:\Users\larss_000\.jenkins\workspace\MimicService"/>
    <property name="java.vendor.url" value="http://java.oracle.com/"/>
    <property name="path.separator" value=";"/>
    <property name="guice.disable.misplaced.annotation.check" value="true"/>
    <property name="java.vm.name" value="Java HotSpot(TM) 64-Bit Server VM"/>
    <property name="file.encoding.pkg" value="sun.io"/>
    <property name="user.script" value=""/>
    <property name="user.country" value="SE"/>
    <property name="sun.java.launcher" value="SUN_STANDARD"/>
    <property name="sun.os.patch.level" value=""/>
    <property name="test" value="Sprint6TestSuite.java,TempRunner.java"/>
    <property name="java.vm.specification.name" value="Java Virtual Machine Specification"/>
    <property name="user.dir" value="C:\Users\larss_000\.jenkins\workspace\MimicService"/>
    <property name="java.runtime.version" value="1.8.0_144-b01"/>
    <property name="java.awt.graphicsenv" value="sun.awt.Win32GraphicsEnvironment"/>
    <property name="java.endorsed.dirs" value="C:\Program Files\Java\jdk1.8.0_144\jre\lib\endorsed"/>
    <property name="os.arch" value="amd64"/>
    <property name="java.io.tmpdir" value="C:\Users\LARSS_~1\AppData\Local\Temp\"/>
    <property name="line.separator" value="
"/>
    <property name="java.vm.specification.vendor" value="Oracle Corporation"/>
    <property name="user.variant" value=""/>
    <property name="os.name" value="Windows 10"/>
    <property name="classworlds.conf" value="C:\Program Files\Apache Maven\apache-maven-3.5.2\bin\..\bin\m2.conf"/>
    <property name="sun.jnu.encoding" value="Cp1252"/>
    <property name="java.library.path" value="C:\Program Files\Java\jdk1.8.0_144\bin;C:\WINDOWS\Sun\Java\bin;C:\WINDOWS\system32;C:\WINDOWS;C:\Program Files (x86)\Common Files\Oracle\Java\javapath;C:\ProgramData\Oracle\Java\javapath;C:\WINDOWS\system32;C:\WINDOWS;C:\WINDOWS\System32\Wbem;C:\WINDOWS\System32\WindowsPowerShell\v1.0\;C:\Program Files\Java\jdk1.8.0_144\bin;C:\Program Files\Apache Maven\apache-maven-3.5.2\bin;C:\Program Files\Intel\WiFi\bin\;C:\Program Files\Common Files\Intel\WirelessCommon\;C:\Users\larss_000\git\mimicTestMaven\mimicTests\commonFiles\maven\bin;C:\Users\larss_000\git\mimicTestMaven\mimicTests\commonFiles\maven\bin;C:\Program Files\Git\cmd;C:\Users\larss_000\AppData\Local\Microsoft\WindowsApps;;."/>
    <property name="maven.conf" value="C:\Program Files\Apache Maven\apache-maven-3.5.2\bin\../conf"/>
    <property name="java.specification.name" value="Java Platform API Specification"/>
    <property name="java.class.version" value="52.0"/>
    <property name="sun.management.compiler" value="HotSpot 64-Bit Tiered Compilers"/>
    <property name="os.version" value="10.0"/>
    <property name="library.jansi.path" value="C:\Program Files\Apache Maven\apache-maven-3.5.2\bin\..\lib\jansi-native"/>
    <property name="user.home" value="C:\Users\larss_000"/>
    <property name="user.timezone" value="Europe/Berlin"/>
    <property name="java.awt.printerjob" value="sun.awt.windows.WPrinterJob"/>
    <property name="java.specification.version" value="1.8"/>
    <property name="file.encoding" value="Cp1252"/>
    <property name="user.name" value="larss_000"/>
    <property name="java.class.path" value="C:\Program Files\Apache Maven\apache-maven-3.5.2\bin\..\boot\plexus-classworlds-2.5.2.jar"/>
    <property name="java.vm.specification.version" value="1.8"/>
    <property name="sun.arch.data.model" value="64"/>
    <property name="java.home" value="C:\Program Files\Java\jdk1.8.0_144\jre"/>
    <property name="sun.java.command" value="org.codehaus.plexus.classworlds.launcher.Launcher -f C:\Users\larss_000\git\localMimicService\mimicService\pom.xml test -Dtest=Sprint6TestSuite.java,TempRunner.java"/>
    <property name="java.specification.vendor" value="Oracle Corporation"/>
    <property name="user.language" value="sv"/>
    <property name="awt.toolkit" value="sun.awt.windows.WToolkit"/>
    <property name="java.vm.info" value="mixed mode"/>
    <property name="java.version" value="1.8.0_144"/>
    <property name="java.ext.dirs" value="C:\Program Files\Java\jdk1.8.0_144\jre\lib\ext;C:\WINDOWS\Sun\Java\lib\ext"/>
    <property name="sun.boot.class.path" value="C:\Program Files\Java\jdk1.8.0_144\jre\lib\resources.jar;C:\Program Files\Java\jdk1.8.0_144\jre\lib\rt.jar;C:\Program Files\Java\jdk1.8.0_144\jre\lib\sunrsasign.jar;C:\Program Files\Java\jdk1.8.0_144\jre\lib\jsse.jar;C:\Program Files\Java\jdk1.8.0_144\jre\lib\jce.jar;C:\Program Files\Java\jdk1.8.0_144\jre\lib\charsets.jar;C:\Program Files\Java\jdk1.8.0_144\jre\lib\jfr.jar;C:\Program Files\Java\jdk1.8.0_144\jre\classes"/>
    <property name="java.vendor" value="Oracle Corporation"/>
    <property name="maven.home" value="C:\Program Files\Apache Maven\apache-maven-3.5.2\bin\.."/>
    <property name="file.separator" value="\"/>
    <property name="java.vendor.url.bug" value="http://bugreport.sun.com/bugreport/"/>
    <property name="sun.cpu.endian" value="little"/>
    <property name="sun.io.unicode.encoding" value="UnicodeLittle"/>
    <property name="sun.desktop" value="windows"/>
    <property name="sun.cpu.isalist" value="amd64"/>
  </properties>
  <testcase classname="Scenario: UnlearnResponse removes the current and following states" name="Given that the mimicService is running" time="0"/>
  <testcase classname="Scenario: UnlearnResponse removes the current and following states" name="And that no requests are stored" time="0"/>
  <testcase classname="Scenario: UnlearnResponse removes the current and following states" name="When I teach the mock the below sequense" time="0"/>
  <testcase classname="Scenario: UnlearnResponse removes the current and following states" name="And I call resetState" time="0"/>
  <testcase classname="Scenario: UnlearnResponse removes the current and following states" name="And I make the request &quot;1+1&quot;" time="0"/>
  <testcase classname="Scenario: UnlearnResponse removes the current and following states" name="And I make the request &quot;1+1&quot;" time="0"/>
  <testcase classname="Scenario: UnlearnResponse removes the current and following states" name="And I make the request &quot;1+1&quot;" time="0"/>
  <testcase classname="Scenario: UnlearnResponse removes the current and following states" name="And I call unlearnResponse" time="0"/>
  <testcase classname="Scenario: UnlearnResponse removes the current and following states" name="And I make the request &quot;1+1&quot;" time="0"/>
  <testcase classname="Scenario: UnlearnResponse removes the current and following states" name="Then &quot;1+1&quot; respondes with &quot;3&quot;" time="0"/>
  <testcase classname="Scenario: UnlearnResponse removes the current and following states" name="Scenario: UnlearnResponse removes the current and following states" time="0"/>
  <testcase classname="Scenario: Unlearn question with one state" name="Given that the mimicService is running" time="0"/>
  <testcase classname="Scenario: Unlearn question with one state" name="And that the mock has learned &quot;1+1&quot; with &quot;2&quot;" time="0"/>
  <testcase classname="Scenario: Unlearn question with one state" name="When I call unlearnResponse" time="0"/>
  <testcase classname="Scenario: Unlearn question with one state" name="Then &quot;1+1&quot; returns the response form" time="0"/>
  <testcase classname="Scenario: Unlearn question with one state" name="Scenario: Unlearn question with one state" time="0"/>
  <testcase classname="Scenario: UnlearnResponse does not affect other stored responses" name="Given that the mimicService is running" time="0"/>
  <testcase classname="Scenario: UnlearnResponse does not affect other stored responses" name="When I teach the mock that &quot;1+1&quot; has response &quot;2&quot;" time="0"/>
  <testcase classname="Scenario: UnlearnResponse does not affect other stored responses" name="And I teach the mock that &quot;2+2&quot; has response &quot;4&quot;" time="0"/>
  <testcase classname="Scenario: UnlearnResponse does not affect other stored responses" name="And I teach the mock that &quot;3+3&quot; has response &quot;6&quot;" time="0"/>
  <testcase classname="Scenario: UnlearnResponse does not affect other stored responses" name="And I make the request &quot;2+2&quot;" time="0"/>
  <testcase classname="Scenario: UnlearnResponse does not affect other stored responses" name="And I call unlearnResponse" time="0"/>
  <testcase classname="Scenario: UnlearnResponse does not affect other stored responses" name="Then &quot;2+2&quot; returns the response form" time="0"/>
  <testcase classname="Scenario: UnlearnResponse does not affect other stored responses" name="And &quot;1+1&quot; respondes with &quot;2&quot;" time="0"/>
  <testcase classname="Scenario: UnlearnResponse does not affect other stored responses" name="And &quot;3+3&quot; respondes with &quot;6&quot;" time="0"/>
  <testcase classname="Scenario: UnlearnResponse does not affect other stored responses" name="Scenario: UnlearnResponse does not affect other stored responses" time="0"/>
  <testcase classname="Scenario: UnlearnResponse removes response from last stored request" name="Given that the mimicService is running" time="0"/>
  <testcase classname="Scenario: UnlearnResponse removes response from last stored request" name="When I teach the mock that &quot;1+1&quot; has response &quot;2+2&quot;" time="0"/>
  <testcase classname="Scenario: UnlearnResponse removes response from last stored request" name="And I call unlearnResponse" time="0"/>
  <testcase classname="Scenario: UnlearnResponse removes response from last stored request" name="Then &quot;1+1&quot; returns the response form" time="0"/>
  <testcase classname="Scenario: UnlearnResponse removes response from last stored request" name="Scenario: UnlearnResponse removes response from last stored request" time="0"/>
</testsuite>